  bigint.cpp
bigint.cpp(2): warning C4005: “max”: 宏重定义
  C:\Program Files (x86)\Windows Kits\8.1\Include\shared\minwindef.h(193): note: 参见“max”的前一个定义
bigint.cpp(3): warning C4005: “min”: 宏重定义
  C:\Program Files (x86)\Windows Kits\8.1\Include\shared\minwindef.h(197): note: 参见“min”的前一个定义
bigint.cpp(59): warning C4267: “=”: 从“size_t”转换到“int”，可能丢失数据
  main.cpp
main.cpp(43): warning C4838: 从“double”转换到“int”需要收缩转换
main.cpp(43): warning C4244: “初始化”: 从“double”转换到“int”，可能丢失数据
main.cpp(241): warning C4267: “参数”: 从“size_t”转换到“int”，可能丢失数据
main.cpp(237): warning C4996: 'inet_addr': Use inet_pton() or InetPton() instead or define _WINSOCK_DEPRECATED_NO_WARNINGS to disable deprecated API warnings
  C:\Program Files (x86)\Windows Kits\8.1\Include\um\Winsock2.h(1850): note: 参见“inet_addr”的声明
main.cpp(296): warning C4267: “参数”: 从“size_t”转换到“int”，可能丢失数据
main.cpp(292): warning C4996: 'inet_addr': Use inet_pton() or InetPton() instead or define _WINSOCK_DEPRECATED_NO_WARNINGS to disable deprecated API warnings
  C:\Program Files (x86)\Windows Kits\8.1\Include\um\Winsock2.h(1850): note: 参见“inet_addr”的声明
main.cpp(349): warning C4996: 'strcpy': This function or variable may be unsafe. Consider using strcpy_s instead. To disable deprecation, use _CRT_SECURE_NO_WARNINGS. See online help for details.
  C:\Program Files (x86)\Windows Kits\10\Include\10.0.10240.0\ucrt\string.h(119): note: 参见“strcpy”的声明
main.cpp(350): warning C4996: 'strcpy': This function or variable may be unsafe. Consider using strcpy_s instead. To disable deprecation, use _CRT_SECURE_NO_WARNINGS. See online help for details.
  C:\Program Files (x86)\Windows Kits\10\Include\10.0.10240.0\ucrt\string.h(119): note: 参见“strcpy”的声明
main.cpp(375): warning C4267: “return”: 从“size_t”转换到“int”，可能丢失数据
main.cpp(392): warning C4267: “return”: 从“size_t”转换到“int”，可能丢失数据
main.cpp(461): warning C4244: “=”: 从“time_t”转换到“int”，可能丢失数据
main.cpp(558): warning C4267: “参数”: 从“size_t”转换到“int”，可能丢失数据
main.cpp(547): warning C4996: 'inet_addr': Use inet_pton() or InetPton() instead or define _WINSOCK_DEPRECATED_NO_WARNINGS to disable deprecated API warnings
  C:\Program Files (x86)\Windows Kits\8.1\Include\um\Winsock2.h(1850): note: 参见“inet_addr”的声明
main.cpp(642): warning C4244: “=”: 从“time_t”转换到“int”，可能丢失数据
  正在生成代码
  0 of 291 functions ( 0.0%) were compiled, the rest were copied from previous compilation.
    0 functions were new in current compilation
    14 functions had inline decision re-evaluated but remain unchanged
  已完成代码的生成
  RSA.vcxproj -> D:\Projects\RSA\x64\Release\RSA.exe
  RSA.vcxproj -> D:\Projects\RSA\x64\Release\RSA.pdb (Full PDB)
